<?xml version="1.0" encoding="UTF-8"?>
<testsuite xmlns:xsi="http://www.w3.org/2001/XMLSchema-instance" xsi:noNamespaceSchemaLocation="https://maven.apache.org/surefire/maven-surefire-plugin/xsd/surefire-test-report.xsd" name="TestUserCreate" time="3.326" tests="5" errors="0" skipped="0" failures="0">
  <properties>
[...]
</properties>
  <testcase name="testCreateUserWithoutName" classname="TestUserCreate" time="0.285"/>
  <testcase name="testCreateUserWithoutEmail" classname="TestUserCreate" time="0.282"/>
  <testcase name="testCreateUser" classname="TestUserCreate" time="1.05"/>
  <testcase name="testCreateTwoIdenticalUser" classname="TestUserCreate" time="1.442"/>
  <testcase name="testCreateUserWithoutPassword" classname="TestUserCreate" time="0.259"/>
</testsuite>