<?xml version="1.0" encoding="UTF-8"?>
<testsuite xmlns:xsi="http://www.w3.org/2001/XMLSchema-instance" xsi:noNamespaceSchemaLocation="https://maven.apache.org/surefire/maven-surefire-plugin/xsd/surefire-test-report.xsd" name="TestOrderCreate" time="4.91" tests="4" errors="0" skipped="0" failures="0">
  <properties>
[...]
</properties>
  <testcase name="testOrderCreateWithoutIngredient" classname="TestOrderCreate" time="0.671"/>
  <testcase name="testOrderCreateWithoutLoginUser" classname="TestOrderCreate" time="0.715"/>
  <testcase name="testOrderCreate" classname="TestOrderCreate" time="3.013"/>
  <testcase name="testOrderCreateWithInvalidHashIngredient" classname="TestOrderCreate" time="0.504"/>
</testsuite>